<?xml version="1.0" encoding="UTF-8"?>
<testng-results ignored="0" total="1" passed="1" failed="0" skipped="0">
  <reporter-output>
  </reporter-output>
  <suite started-at="2026-03-09T21:39:14 IST" name="Default suite" finished-at="2026-03-09T21:39:17 IST" duration-ms="3303">
    <groups>
    </groups>
    <test started-at="2026-03-09T21:39:14 IST" name="Default test" finished-at="2026-03-09T21:39:17 IST" duration-ms="3303">
      <class name="automation.keywordframe.KeywordTest">
        <test-method signature="runTest()[pri:0, instance:automation.keywordframe.KeywordTest@1d2adfbe]" started-at="2026-03-09T21:39:14 IST" name="runTest" finished-at="2026-03-09T21:39:17 IST" duration-ms="3267" status="PASS">
          <reporter-output>
          </reporter-output>
        </test-method> <!-- runTest -->
      </class> <!-- automation.keywordframe.KeywordTest -->
    </test> <!-- Default test -->
  </suite> <!-- Default suite -->
</testng-results>
