<?xml version="1.0" encoding="UTF-8"?>
<testng-results ignored="0" total="1" passed="1" failed="0" skipped="0">
  <reporter-output>
  </reporter-output>
  <suite started-at="2026-03-17T13:33:02 IST" name="Default suite" finished-at="2026-03-17T13:33:05 IST" duration-ms="2959">
    <groups>
    </groups>
    <test started-at="2026-03-17T13:33:02 IST" name="Default test" finished-at="2026-03-17T13:33:05 IST" duration-ms="2959">
      <class name="com.shopez.utils.LoginTest">
        <test-method is-config="true" signature="setupReport()[pri:0, instance:com.shopez.utils.LoginTest@7e6f74c]" started-at="2026-03-17T13:33:02 IST" name="setupReport" finished-at="2026-03-17T13:33:02 IST" duration-ms="229" status="PASS">
          <reporter-output>
          </reporter-output>
        </test-method> <!-- setupReport -->
        <test-method is-config="true" signature="setup()[pri:0, instance:com.shopez.utils.LoginTest@7e6f74c]" started-at="2026-03-17T13:33:02 IST" name="setup" finished-at="2026-03-17T13:33:04 IST" duration-ms="2291" status="PASS">
          <reporter-output>
          </reporter-output>
        </test-method> <!-- setup -->
        <test-method signature="verifyLogin()[pri:0, instance:com.shopez.utils.LoginTest@7e6f74c]" started-at="2026-03-17T13:33:04 IST" name="verifyLogin" finished-at="2026-03-17T13:33:05 IST" duration-ms="385" status="PASS">
          <reporter-output>
          </reporter-output>
        </test-method> <!-- verifyLogin -->
        <test-method is-config="true" signature="tearDown()[pri:0, instance:com.shopez.utils.LoginTest@7e6f74c]" started-at="2026-03-17T13:33:05 IST" name="tearDown" finished-at="2026-03-17T13:33:05 IST" duration-ms="251" status="PASS">
          <reporter-output>
          </reporter-output>
        </test-method> <!-- tearDown -->
        <test-method is-config="true" signature="tearDownReport()[pri:0, instance:com.shopez.utils.LoginTest@7e6f74c]" started-at="2026-03-17T13:33:05 IST" name="tearDownReport" finished-at="2026-03-17T13:33:05 IST" duration-ms="202" status="PASS">
          <reporter-output>
          </reporter-output>
        </test-method> <!-- tearDownReport -->
      </class> <!-- com.shopez.utils.LoginTest -->
    </test> <!-- Default test -->
  </suite> <!-- Default suite -->
</testng-results>
